Determining if the pthread_create exist failed with the following output:
Change Dir: /root/program/Server/UnityServer/build/CMakeFiles/CMakeTmp

Run Build Command(s):/usr/bin/gmake cmTC_d9675/fast 
/usr/bin/gmake -f CMakeFiles/cmTC_d9675.dir/build.make CMakeFiles/cmTC_d9675.dir/build
gmake[1]: Entering directory `/root/program/Server/UnityServer/build/CMakeFiles/CMakeTmp'
Building C object CMakeFiles/cmTC_d9675.dir/CheckSymbolExists.c.o
/usr/bin/cc    -o CMakeFiles/cmTC_d9675.dir/CheckSymbolExists.c.o   -c /root/program/Server/UnityServer/build/CMakeFiles/CMakeTmp/CheckSymbolExists.c
Linking C executable cmTC_d9675
/usr/local/cmake/bin/cmake -E cmake_link_script CMakeFiles/cmTC_d9675.dir/link.txt --verbose=1
/usr/bin/cc      -rdynamic CMakeFiles/cmTC_d9675.dir/CheckSymbolExists.c.o  -o cmTC_d9675 
CMakeFiles/cmTC_d9675.dir/CheckSymbolExists.c.o: In function `main':
CheckSymbolExists.c:(.text+0x16): undefined reference to `pthread_create'
collect2: error: ld returned 1 exit status
gmake[1]: *** [cmTC_d9675] Error 1
gmake[1]: Leaving directory `/root/program/Server/UnityServer/build/CMakeFiles/CMakeTmp'
gmake: *** [cmTC_d9675/fast] Error 2

File /root/program/Server/UnityServer/build/CMakeFiles/CMakeTmp/CheckSymbolExists.c:
/* */
#include <pthread.h>

int main(int argc, char** argv)
{
  (void)argv;
#ifndef pthread_create
  return ((int*)(&pthread_create))[argc];
#else
  (void)argc;
  return 0;
#endif
}

Determining if the function pthread_create exists in the pthreads failed with the following output:
Change Dir: /root/program/Server/UnityServer/build/CMakeFiles/CMakeTmp

Run Build Command(s):/usr/bin/gmake cmTC_30453/fast 
/usr/bin/gmake -f CMakeFiles/cmTC_30453.dir/build.make CMakeFiles/cmTC_30453.dir/build
gmake[1]: Entering directory `/root/program/Server/UnityServer/build/CMakeFiles/CMakeTmp'
Building C object CMakeFiles/cmTC_30453.dir/CheckFunctionExists.c.o
/usr/bin/cc   -DCHECK_FUNCTION_EXISTS=pthread_create   -o CMakeFiles/cmTC_30453.dir/CheckFunctionExists.c.o   -c /usr/local/cmake/share/cmake-3.14/Modules/CheckFunctionExists.c
Linking C executable cmTC_30453
/usr/local/cmake/bin/cmake -E cmake_link_script CMakeFiles/cmTC_30453.dir/link.txt --verbose=1
/usr/bin/cc  -DCHECK_FUNCTION_EXISTS=pthread_create    -rdynamic CMakeFiles/cmTC_30453.dir/CheckFunctionExists.c.o  -o cmTC_30453 -lpthreads 
/usr/bin/ld: cannot find -lpthreads
collect2: error: ld returned 1 exit status
gmake[1]: *** [cmTC_30453] Error 1
gmake[1]: Leaving directory `/root/program/Server/UnityServer/build/CMakeFiles/CMakeTmp'
gmake: *** [cmTC_30453/fast] Error 2


